<?xml version="1.0" encoding="UTF-8" ?>
<testsuite tests="2" failures="0" name="io.gcandal.payments.server.resources.PaymentsResourceTest" time="0.079" errors="0" skipped="0">
  <properties>
    <property name="java.runtime.name" value="Java(TM) SE Runtime Environment"/>
    <property name="sun.boot.library.path" value="C:\Users\Gabriel\AppData\Local\scoop\apps\oraclejdk\current\jre\bin"/>
    <property name="java.vm.version" value="25.144-b01"/>
    <property name="java.vm.vendor" value="Oracle Corporation"/>
    <property name="maven.multiModuleProjectDirectory" value="C:\Users\Gabriel\IntelliJProjects\payment_api"/>
    <property name="java.vendor.url" value="http://java.oracle.com/"/>
    <property name="path.separator" value=";"/>
    <property name="guice.disable.misplaced.annotation.check" value="true"/>
    <property name="java.vm.name" value="Java HotSpot(TM) 64-Bit Server VM"/>
    <property name="file.encoding.pkg" value="sun.io"/>
    <property name="user.script" value=""/>
    <property name="user.country" value="PT"/>
    <property name="sun.java.launcher" value="SUN_STANDARD"/>
    <property name="sun.os.patch.level" value=""/>
    <property name="java.vm.specification.name" value="Java Virtual Machine Specification"/>
    <property name="user.dir" value="C:\Users\Gabriel\IntelliJProjects\payment_api"/>
    <property name="java.runtime.version" value="1.8.0_144-b01"/>
    <property name="java.awt.graphicsenv" value="sun.awt.Win32GraphicsEnvironment"/>
    <property name="java.endorsed.dirs" value="C:\Users\Gabriel\AppData\Local\scoop\apps\oraclejdk\current\jre\lib\endorsed"/>
    <property name="os.arch" value="amd64"/>
    <property name="java.io.tmpdir" value="C:\Users\Gabriel\AppData\Local\Temp\"/>
    <property name="line.separator" value="
"/>
    <property name="java.vm.specification.vendor" value="Oracle Corporation"/>
    <property name="user.variant" value=""/>
    <property name="os.name" value="Windows 10"/>
    <property name="classworlds.conf" value="C:\Users\Gabriel\AppData\Local\scoop\apps\maven\current\bin\..\bin\m2.conf"/>
    <property name="sun.jnu.encoding" value="Cp1252"/>
    <property name="java.library.path" value="C:\Users\Gabriel\AppData\Local\scoop\apps\oraclejdk\current\bin;C:\WINDOWS\Sun\Java\bin;C:\WINDOWS\system32;C:\WINDOWS;c:\windows\system32;c:\windows;c:\windows\system32\wbem;c:\windows\system32\windowspowershell\v1.0\;c:\program files\miktex 2.9\miktex\bin\x64\;c:\program files (x86)\windows live\shared;c:\hashicorp\vagrant\bin;c:\windows\system32;c:\windows;c:\windows\system32\wbem;c:\windows\system32\windowspowershell\v1.0\;c:\program files\openvpn\bin;c:\program files (x86)\gtk2-runtime\bin;c:\chocolatey\bin;c:\windows\system32\config\systemprofile\.dnx\bin;c:\program files\microsoft dnx\dnvm\;c:\program files (x86)\windows kits\8.1\windows performance toolkit\;c:\program files\microsoft sql server\130\tools\binn\;c:\spark-2.1.0-bin-hadoop2.7\bin;;C:\Program Files (x86)\NVIDIA Corporation\PhysX\Common;C:\Users\Gabriel\AppData\Local\scoop\apps\nvm\current\nodejs\nodejs;C:\Users\Gabriel\AppData\Local\scoop\apps\yarn\current\Yarn\bin;C:\Users\Gabriel\AppData\Local\scoop\apps\yarn\current\bin;C:\Users\Gabriel\AppData\Local\scoop\apps\ruby\current\gems\bin;C:\Users\Gabriel\AppData\Local\scoop\apps\ruby\current\bin;C:\Users\Gabriel\AppData\Local\scoop\apps\python27\current\scripts;C:\Users\Gabriel\AppData\Local\scoop\apps\python\current\scripts;C:\Users\Gabriel\AppData\Local\Programs\Python\Launcher\;C:\Users\Gabriel\AppData\Local\scoop\apps\oraclejdk\current\bin;C:\Users\Gabriel\AppData\Local\scoop\apps\openjdk\current\bin;C:\Users\Gabriel\AppData\Local\scoop\apps\latex\current\texmfs\install\miktex\bin;C:\Users\Gabriel\AppData\Local\scoop\apps\nodejs\current\bin;C:\Users\Gabriel\AppData\Local\scoop\apps\nodejs\current;C:\Users\Gabriel\AppData\Local\scoop\apps\maven\current\bin;C:\Users\Gabriel\.cargo\bin;C:\Users\Gabriel\AppData\Local\scoop\apps\ruby19\1.9.3-p551\bin;C:\Users\Gabriel\AppData\Local\scoop\shims;C:\Users\Gabriel\AppData\Local\Microsoft\WindowsApps;C:\Program Files\Heroku\bin;C:\Program Files\Microsoft VS Code\bin;C:\Users\Gabriel\AppData\Local\Microsoft\WindowsApps;;."/>
    <property name="maven.conf" value="C:\Users\Gabriel\AppData\Local\scoop\apps\maven\current\bin\../conf"/>
    <property name="java.specification.name" value="Java Platform API Specification"/>
    <property name="java.class.version" value="52.0"/>
    <property name="sun.management.compiler" value="HotSpot 64-Bit Tiered Compilers"/>
    <property name="os.version" value="10.0"/>
    <property name="library.jansi.path" value="C:\Users\Gabriel\AppData\Local\scoop\apps\maven\current\bin\..\lib\jansi-native\windows64"/>
    <property name="user.home" value="C:\Users\Gabriel"/>
    <property name="user.timezone" value="Europe/London"/>
    <property name="java.awt.printerjob" value="sun.awt.windows.WPrinterJob"/>
    <property name="java.specification.version" value="1.8"/>
    <property name="file.encoding" value="Cp1252"/>
    <property name="user.name" value="Gabriel"/>
    <property name="java.class.path" value="C:\Users\Gabriel\AppData\Local\scoop\apps\maven\current\bin\..\boot\plexus-classworlds-2.5.2.jar"/>
    <property name="java.vm.specification.version" value="1.8"/>
    <property name="sun.arch.data.model" value="64"/>
    <property name="java.home" value="C:\Users\Gabriel\AppData\Local\scoop\apps\oraclejdk\current\jre"/>
    <property name="sun.java.command" value="org.codehaus.plexus.classworlds.launcher.Launcher install"/>
    <property name="java.specification.vendor" value="Oracle Corporation"/>
    <property name="user.language" value="pt"/>
    <property name="awt.toolkit" value="sun.awt.windows.WToolkit"/>
    <property name="java.vm.info" value="mixed mode"/>
    <property name="java.version" value="1.8.0_144"/>
    <property name="java.ext.dirs" value="C:\Users\Gabriel\AppData\Local\scoop\apps\oraclejdk\current\jre\lib\ext;C:\WINDOWS\Sun\Java\lib\ext"/>
    <property name="sun.boot.class.path" value="C:\Users\Gabriel\AppData\Local\scoop\apps\oraclejdk\current\jre\lib\resources.jar;C:\Users\Gabriel\AppData\Local\scoop\apps\oraclejdk\current\jre\lib\rt.jar;C:\Users\Gabriel\AppData\Local\scoop\apps\oraclejdk\current\jre\lib\sunrsasign.jar;C:\Users\Gabriel\AppData\Local\scoop\apps\oraclejdk\current\jre\lib\jsse.jar;C:\Users\Gabriel\AppData\Local\scoop\apps\oraclejdk\current\jre\lib\jce.jar;C:\Users\Gabriel\AppData\Local\scoop\apps\oraclejdk\current\jre\lib\charsets.jar;C:\Users\Gabriel\AppData\Local\scoop\apps\oraclejdk\current\jre\lib\jfr.jar;C:\Users\Gabriel\AppData\Local\scoop\apps\oraclejdk\current\jre\classes"/>
    <property name="sun.stderr.encoding" value="cp850"/>
    <property name="java.vendor" value="Oracle Corporation"/>
    <property name="maven.home" value="C:\Users\Gabriel\AppData\Local\scoop\apps\maven\current\bin\.."/>
    <property name="file.separator" value="\"/>
    <property name="java.vendor.url.bug" value="http://bugreport.sun.com/bugreport/"/>
    <property name="sun.cpu.endian" value="little"/>
    <property name="sun.io.unicode.encoding" value="UnicodeLittle"/>
    <property name="sun.stdout.encoding" value="cp850"/>
    <property name="sun.desktop" value="windows"/>
    <property name="sun.cpu.isalist" value="amd64"/>
  </properties>
  <testcase classname="io.gcandal.payments.server.resources.PaymentsResourceTest" name="testList" time="0.059"/>
  <testcase classname="io.gcandal.payments.server.resources.PaymentsResourceTest" name="testCreate" time="0.02"/>
</testsuite>